Started GET "/" for ::1 at 2022-06-28 14:21:55 +0300
  
ActiveRecord::ConnectionNotEstablished (FATAL:  role "me" does not exist
):
  
activerecord (7.0.3) lib/active_record/connection_adapters/postgresql_adapter.rb:87:in `rescue in new_client'
activerecord (7.0.3) lib/active_record/connection_adapters/postgresql_adapter.rb:77:in `new_client'
activerecord (7.0.3) lib/active_record/connection_adapters/postgresql_adapter.rb:37:in `postgresql_connection'
activerecord (7.0.3) lib/active_record/connection_adapters/abstract/connection_pool.rb:656:in `public_send'
activerecord (7.0.3) lib/active_record/connection_adapters/abstract/connection_pool.rb:656:in `new_connection'
activerecord (7.0.3) lib/active_record/connection_adapters/abstract/connection_pool.rb:700:in `checkout_new_connection'
activerecord (7.0.3) lib/active_record/connection_adapters/abstract/connection_pool.rb:679:in `try_to_checkout_new_connection'
activerecord (7.0.3) lib/active_record/connection_adapters/abstract/connection_pool.rb:640:in `acquire_connection'
activerecord (7.0.3) lib/active_record/connection_adapters/abstract/connection_pool.rb:341:in `checkout'
activerecord (7.0.3) lib/active_record/connection_adapters/abstract/connection_pool.rb:181:in `connection'
activerecord (7.0.3) lib/active_record/connection_adapters/abstract/connection_handler.rb:211:in `retrieve_connection'
activerecord (7.0.3) lib/active_record/connection_handling.rb:313:in `retrieve_connection'
activerecord (7.0.3) lib/active_record/connection_handling.rb:280:in `connection'
activerecord (7.0.3) lib/active_record/migration.rb:613:in `connection'
activerecord (7.0.3) lib/active_record/migration.rb:608:in `build_watcher'
activerecord (7.0.3) lib/active_record/migration.rb:590:in `block in call'
activerecord (7.0.3) lib/active_record/migration.rb:589:in `synchronize'
activerecord (7.0.3) lib/active_record/migration.rb:589:in `call'
actionpack (7.0.3) lib/action_dispatch/middleware/callbacks.rb:27:in `block in call'
activesupport (7.0.3) lib/active_support/callbacks.rb:99:in `run_callbacks'
actionpack (7.0.3) lib/action_dispatch/middleware/callbacks.rb:26:in `call'
actionpack (7.0.3) lib/action_dispatch/middleware/executor.rb:14:in `call'
actionpack (7.0.3) lib/action_dispatch/middleware/actionable_exceptions.rb:17:in `call'
actionpack (7.0.3) lib/action_dispatch/middleware/debug_exceptions.rb:28:in `call'
web-console (4.2.0) lib/web_console/middleware.rb:132:in `call_app'
web-console (4.2.0) lib/web_console/middleware.rb:28:in `block in call'
web-console (4.2.0) lib/web_console/middleware.rb:17:in `catch'
web-console (4.2.0) lib/web_console/middleware.rb:17:in `call'
actionpack (7.0.3) lib/action_dispatch/middleware/show_exceptions.rb:26:in `call'
railties (7.0.3) lib/rails/rack/logger.rb:40:in `call_app'
railties (7.0.3) lib/rails/rack/logger.rb:25:in `block in call'
activesupport (7.0.3) lib/active_support/tagged_logging.rb:114:in `block in tagged'
activesupport (7.0.3) lib/active_support/tagged_logging.rb:38:in `tagged'
activesupport (7.0.3) lib/active_support/tagged_logging.rb:114:in `tagged'
railties (7.0.3) lib/rails/rack/logger.rb:25:in `call'
sprockets-rails (3.4.2) lib/sprockets/rails/quiet_assets.rb:13:in `call'
actionpack (7.0.3) lib/action_dispatch/middleware/remote_ip.rb:93:in `call'
actionpack (7.0.3) lib/action_dispatch/middleware/request_id.rb:26:in `call'
rack (2.2.3.1) lib/rack/method_override.rb:24:in `call'
rack (2.2.3.1) lib/rack/runtime.rb:22:in `call'
activesupport (7.0.3) lib/active_support/cache/strategy/local_cache_middleware.rb:29:in `call'
actionpack (7.0.3) lib/action_dispatch/middleware/server_timing.rb:20:in `call'
actionpack (7.0.3) lib/action_dispatch/middleware/executor.rb:14:in `call'
actionpack (7.0.3) lib/action_dispatch/middleware/static.rb:23:in `call'
rack (2.2.3.1) lib/rack/sendfile.rb:110:in `call'
actionpack (7.0.3) lib/action_dispatch/middleware/host_authorization.rb:137:in `call'
railties (7.0.3) lib/rails/engine.rb:530:in `call'
puma (5.6.4) lib/puma/configuration.rb:252:in `call'
puma (5.6.4) lib/puma/request.rb:77:in `block in handle_request'
puma (5.6.4) lib/puma/thread_pool.rb:340:in `with_force_shutdown'
puma (5.6.4) lib/puma/request.rb:76:in `handle_request'
puma (5.6.4) lib/puma/server.rb:441:in `process_client'
puma (5.6.4) lib/puma/thread_pool.rb:147:in `block in spawn_thread'
Started GET "/" for ::1 at 2022-06-28 14:21:57 +0300
  
ActiveRecord::ConnectionNotEstablished (FATAL:  role "me" does not exist
):
  
activerecord (7.0.3) lib/active_record/connection_adapters/postgresql_adapter.rb:87:in `rescue in new_client'
activerecord (7.0.3) lib/active_record/connection_adapters/postgresql_adapter.rb:77:in `new_client'
activerecord (7.0.3) lib/active_record/connection_adapters/postgresql_adapter.rb:37:in `postgresql_connection'
activerecord (7.0.3) lib/active_record/connection_adapters/abstract/connection_pool.rb:656:in `public_send'
activerecord (7.0.3) lib/active_record/connection_adapters/abstract/connection_pool.rb:656:in `new_connection'
activerecord (7.0.3) lib/active_record/connection_adapters/abstract/connection_pool.rb:700:in `checkout_new_connection'
activerecord (7.0.3) lib/active_record/connection_adapters/abstract/connection_pool.rb:679:in `try_to_checkout_new_connection'
activerecord (7.0.3) lib/active_record/connection_adapters/abstract/connection_pool.rb:640:in `acquire_connection'
activerecord (7.0.3) lib/active_record/connection_adapters/abstract/connection_pool.rb:341:in `checkout'
activerecord (7.0.3) lib/active_record/connection_adapters/abstract/connection_pool.rb:181:in `connection'
activerecord (7.0.3) lib/active_record/connection_adapters/abstract/connection_handler.rb:211:in `retrieve_connection'
activerecord (7.0.3) lib/active_record/connection_handling.rb:313:in `retrieve_connection'
activerecord (7.0.3) lib/active_record/connection_handling.rb:280:in `connection'
activerecord (7.0.3) lib/active_record/migration.rb:613:in `connection'
activerecord (7.0.3) lib/active_record/migration.rb:608:in `build_watcher'
activerecord (7.0.3) lib/active_record/migration.rb:590:in `block in call'
activerecord (7.0.3) lib/active_record/migration.rb:589:in `synchronize'
activerecord (7.0.3) lib/active_record/migration.rb:589:in `call'
actionpack (7.0.3) lib/action_dispatch/middleware/callbacks.rb:27:in `block in call'
activesupport (7.0.3) lib/active_support/callbacks.rb:99:in `run_callbacks'
actionpack (7.0.3) lib/action_dispatch/middleware/callbacks.rb:26:in `call'
actionpack (7.0.3) lib/action_dispatch/middleware/executor.rb:14:in `call'
actionpack (7.0.3) lib/action_dispatch/middleware/actionable_exceptions.rb:17:in `call'
actionpack (7.0.3) lib/action_dispatch/middleware/debug_exceptions.rb:28:in `call'
web-console (4.2.0) lib/web_console/middleware.rb:132:in `call_app'
web-console (4.2.0) lib/web_console/middleware.rb:28:in `block in call'
web-console (4.2.0) lib/web_console/middleware.rb:17:in `catch'
web-console (4.2.0) lib/web_console/middleware.rb:17:in `call'
actionpack (7.0.3) lib/action_dispatch/middleware/show_exceptions.rb:26:in `call'
railties (7.0.3) lib/rails/rack/logger.rb:40:in `call_app'
railties (7.0.3) lib/rails/rack/logger.rb:25:in `block in call'
activesupport (7.0.3) lib/active_support/tagged_logging.rb:114:in `block in tagged'
activesupport (7.0.3) lib/active_support/tagged_logging.rb:38:in `tagged'
activesupport (7.0.3) lib/active_support/tagged_logging.rb:114:in `tagged'
railties (7.0.3) lib/rails/rack/logger.rb:25:in `call'
sprockets-rails (3.4.2) lib/sprockets/rails/quiet_assets.rb:13:in `call'
actionpack (7.0.3) lib/action_dispatch/middleware/remote_ip.rb:93:in `call'
actionpack (7.0.3) lib/action_dispatch/middleware/request_id.rb:26:in `call'
rack (2.2.3.1) lib/rack/method_override.rb:24:in `call'
rack (2.2.3.1) lib/rack/runtime.rb:22:in `call'
activesupport (7.0.3) lib/active_support/cache/strategy/local_cache_middleware.rb:29:in `call'
actionpack (7.0.3) lib/action_dispatch/middleware/server_timing.rb:20:in `call'
actionpack (7.0.3) lib/action_dispatch/middleware/executor.rb:14:in `call'
actionpack (7.0.3) lib/action_dispatch/middleware/static.rb:23:in `call'
rack (2.2.3.1) lib/rack/sendfile.rb:110:in `call'
actionpack (7.0.3) lib/action_dispatch/middleware/host_authorization.rb:137:in `call'
railties (7.0.3) lib/rails/engine.rb:530:in `call'
puma (5.6.4) lib/puma/configuration.rb:252:in `call'
puma (5.6.4) lib/puma/request.rb:77:in `block in handle_request'
puma (5.6.4) lib/puma/thread_pool.rb:340:in `with_force_shutdown'
puma (5.6.4) lib/puma/request.rb:76:in `handle_request'
puma (5.6.4) lib/puma/server.rb:441:in `process_client'
puma (5.6.4) lib/puma/thread_pool.rb:147:in `block in spawn_thread'
Started GET "/" for ::1 at 2022-06-28 14:40:24 +0300
  
ActiveRecord::ConnectionNotEstablished (FATAL:  role "me" does not exist
):
  
activerecord (7.0.3) lib/active_record/connection_adapters/postgresql_adapter.rb:87:in `rescue in new_client'
activerecord (7.0.3) lib/active_record/connection_adapters/postgresql_adapter.rb:77:in `new_client'
activerecord (7.0.3) lib/active_record/connection_adapters/postgresql_adapter.rb:37:in `postgresql_connection'
activerecord (7.0.3) lib/active_record/connection_adapters/abstract/connection_pool.rb:656:in `public_send'
activerecord (7.0.3) lib/active_record/connection_adapters/abstract/connection_pool.rb:656:in `new_connection'
activerecord (7.0.3) lib/active_record/connection_adapters/abstract/connection_pool.rb:700:in `checkout_new_connection'
activerecord (7.0.3) lib/active_record/connection_adapters/abstract/connection_pool.rb:679:in `try_to_checkout_new_connection'
activerecord (7.0.3) lib/active_record/connection_adapters/abstract/connection_pool.rb:640:in `acquire_connection'
activerecord (7.0.3) lib/active_record/connection_adapters/abstract/connection_pool.rb:341:in `checkout'
activerecord (7.0.3) lib/active_record/connection_adapters/abstract/connection_pool.rb:181:in `connection'
activerecord (7.0.3) lib/active_record/connection_adapters/abstract/connection_handler.rb:211:in `retrieve_connection'
activerecord (7.0.3) lib/active_record/connection_handling.rb:313:in `retrieve_connection'
activerecord (7.0.3) lib/active_record/connection_handling.rb:280:in `connection'
activerecord (7.0.3) lib/active_record/migration.rb:613:in `connection'
activerecord (7.0.3) lib/active_record/migration.rb:608:in `build_watcher'
activerecord (7.0.3) lib/active_record/migration.rb:590:in `block in call'
activerecord (7.0.3) lib/active_record/migration.rb:589:in `synchronize'
activerecord (7.0.3) lib/active_record/migration.rb:589:in `call'
actionpack (7.0.3) lib/action_dispatch/middleware/callbacks.rb:27:in `block in call'
activesupport (7.0.3) lib/active_support/callbacks.rb:99:in `run_callbacks'
actionpack (7.0.3) lib/action_dispatch/middleware/callbacks.rb:26:in `call'
actionpack (7.0.3) lib/action_dispatch/middleware/executor.rb:14:in `call'
actionpack (7.0.3) lib/action_dispatch/middleware/actionable_exceptions.rb:17:in `call'
actionpack (7.0.3) lib/action_dispatch/middleware/debug_exceptions.rb:28:in `call'
web-console (4.2.0) lib/web_console/middleware.rb:132:in `call_app'
web-console (4.2.0) lib/web_console/middleware.rb:28:in `block in call'
web-console (4.2.0) lib/web_console/middleware.rb:17:in `catch'
web-console (4.2.0) lib/web_console/middleware.rb:17:in `call'
actionpack (7.0.3) lib/action_dispatch/middleware/show_exceptions.rb:26:in `call'
railties (7.0.3) lib/rails/rack/logger.rb:40:in `call_app'
railties (7.0.3) lib/rails/rack/logger.rb:25:in `block in call'
activesupport (7.0.3) lib/active_support/tagged_logging.rb:114:in `block in tagged'
activesupport (7.0.3) lib/active_support/tagged_logging.rb:38:in `tagged'
activesupport (7.0.3) lib/active_support/tagged_logging.rb:114:in `tagged'
railties (7.0.3) lib/rails/rack/logger.rb:25:in `call'
sprockets-rails (3.4.2) lib/sprockets/rails/quiet_assets.rb:13:in `call'
actionpack (7.0.3) lib/action_dispatch/middleware/remote_ip.rb:93:in `call'
actionpack (7.0.3) lib/action_dispatch/middleware/request_id.rb:26:in `call'
rack (2.2.3.1) lib/rack/method_override.rb:24:in `call'
rack (2.2.3.1) lib/rack/runtime.rb:22:in `call'
activesupport (7.0.3) lib/active_support/cache/strategy/local_cache_middleware.rb:29:in `call'
actionpack (7.0.3) lib/action_dispatch/middleware/server_timing.rb:20:in `call'
actionpack (7.0.3) lib/action_dispatch/middleware/executor.rb:14:in `call'
actionpack (7.0.3) lib/action_dispatch/middleware/static.rb:23:in `call'
rack (2.2.3.1) lib/rack/sendfile.rb:110:in `call'
actionpack (7.0.3) lib/action_dispatch/middleware/host_authorization.rb:137:in `call'
railties (7.0.3) lib/rails/engine.rb:530:in `call'
puma (5.6.4) lib/puma/configuration.rb:252:in `call'
puma (5.6.4) lib/puma/request.rb:77:in `block in handle_request'
puma (5.6.4) lib/puma/thread_pool.rb:340:in `with_force_shutdown'
puma (5.6.4) lib/puma/request.rb:76:in `handle_request'
puma (5.6.4) lib/puma/server.rb:441:in `process_client'
puma (5.6.4) lib/puma/thread_pool.rb:147:in `block in spawn_thread'
  [1m[35m (490.7ms)[0m  [1m[35mCREATE DATABASE "DevcampPortfolio_development" ENCODING = 'unicode'[0m
  [1m[35m (573.6ms)[0m  [1m[35mCREATE DATABASE "DevcampPortfolio_test" ENCODING = 'unicode'[0m
  [1m[35m (17.4ms)[0m  [1m[35mCREATE TABLE "schema_migrations" ("version" character varying NOT NULL PRIMARY KEY)[0m
  [1m[35m (14.6ms)[0m  [1m[35mCREATE TABLE "ar_internal_metadata" ("key" character varying NOT NULL PRIMARY KEY, "value" character varying, "created_at" timestamp(6) NOT NULL, "updated_at" timestamp(6) NOT NULL)[0m
  [1m[35m (0.2ms)[0m  [1m[34mSELECT pg_try_advisory_lock(5396089536776303610)[0m
  [1m[36mActiveRecord::SchemaMigration Pluck (0.4ms)[0m  [1m[34mSELECT "schema_migrations"."version" FROM "schema_migrations" ORDER BY "schema_migrations"."version" ASC[0m
  [1m[36mActiveRecord::InternalMetadata Load (0.3ms)[0m  [1m[34mSELECT "ar_internal_metadata".* FROM "ar_internal_metadata" WHERE "ar_internal_metadata"."key" = $1 LIMIT $2[0m  [["key", "environment"], ["LIMIT", 1]]
  [1m[36mTRANSACTION (0.2ms)[0m  [1m[35mBEGIN[0m
  [1m[36mActiveRecord::InternalMetadata Create (0.4ms)[0m  [1m[32mINSERT INTO "ar_internal_metadata" ("key", "value", "created_at", "updated_at") VALUES ($1, $2, $3, $4) RETURNING "key"[0m  [["key", "environment"], ["value", "development"], ["created_at", "2022-06-28 11:45:19.078578"], ["updated_at", "2022-06-28 11:45:19.078578"]]
  [1m[36mTRANSACTION (2.7ms)[0m  [1m[35mCOMMIT[0m
  [1m[35m (0.3ms)[0m  [1m[34mSELECT pg_advisory_unlock(5396089536776303610)[0m
  [1m[36mActiveRecord::SchemaMigration Pluck (0.5ms)[0m  [1m[34mSELECT "schema_migrations"."version" FROM "schema_migrations" ORDER BY "schema_migrations"."version" ASC[0m
Started GET "/" for ::1 at 2022-06-28 14:45:30 +0300
  [1m[36mActiveRecord::SchemaMigration Pluck (0.5ms)[0m  [1m[34mSELECT "schema_migrations"."version" FROM "schema_migrations" ORDER BY "schema_migrations"."version" ASC[0m
Processing by Rails::WelcomeController#index as HTML
  Rendering /home/me/.rbenv/versions/3.1.2/lib/ruby/gems/3.1.0/gems/railties-7.0.3/lib/rails/templates/rails/welcome/index.html.erb
  Rendered /home/me/.rbenv/versions/3.1.2/lib/ruby/gems/3.1.0/gems/railties-7.0.3/lib/rails/templates/rails/welcome/index.html.erb (Duration: 12.6ms | Allocations: 537)
Completed 200 OK in 72ms (Views: 43.8ms | ActiveRecord: 0.0ms | Allocations: 4113)


Started GET "/profile" for ::1 at 2022-06-28 14:46:27 +0300
  
ActionController::RoutingError (No route matches [GET] "/profile"):
  
Started GET "/" for ::1 at 2022-06-28 14:47:38 +0300
Processing by Rails::WelcomeController#index as HTML
  Rendering /home/me/.rbenv/versions/3.1.2/lib/ruby/gems/3.1.0/gems/railties-7.0.3/lib/rails/templates/rails/welcome/index.html.erb
  Rendered /home/me/.rbenv/versions/3.1.2/lib/ruby/gems/3.1.0/gems/railties-7.0.3/lib/rails/templates/rails/welcome/index.html.erb (Duration: 2.1ms | Allocations: 319)
Completed 200 OK in 5ms (Views: 4.2ms | ActiveRecord: 0.0ms | Allocations: 963)


  [1m[35m (0.2ms)[0m  [1m[34mSELECT pg_try_advisory_lock(5396089536776303610)[0m
  [1m[36mActiveRecord::SchemaMigration Pluck (0.4ms)[0m  [1m[34mSELECT "schema_migrations"."version" FROM "schema_migrations" ORDER BY "schema_migrations"."version" ASC[0m
Migrating to CreateBlogs (20220628115231)
  [1m[36mTRANSACTION (0.2ms)[0m  [1m[35mBEGIN[0m
  [1m[35m (13.1ms)[0m  [1m[35mCREATE TABLE "blogs" ("id" bigserial primary key, "title" character varying, "body" text, "created_at" timestamp(6) NOT NULL, "updated_at" timestamp(6) NOT NULL)[0m
  [1m[36mActiveRecord::SchemaMigration Create (0.3ms)[0m  [1m[32mINSERT INTO "schema_migrations" ("version") VALUES ($1) RETURNING "version"[0m  [["version", "20220628115231"]]
  [1m[36mTRANSACTION (3.2ms)[0m  [1m[35mCOMMIT[0m
  [1m[36mActiveRecord::InternalMetadata Load (0.3ms)[0m  [1m[34mSELECT "ar_internal_metadata".* FROM "ar_internal_metadata" WHERE "ar_internal_metadata"."key" = $1 LIMIT $2[0m  [["key", "environment"], ["LIMIT", 1]]
  [1m[35m (0.2ms)[0m  [1m[34mSELECT pg_advisory_unlock(5396089536776303610)[0m
  [1m[36mActiveRecord::SchemaMigration Pluck (0.4ms)[0m  [1m[34mSELECT "schema_migrations"."version" FROM "schema_migrations" ORDER BY "schema_migrations"."version" ASC[0m
Started GET "/" for ::1 at 2022-06-28 23:52:39 +0300
  [1m[36mActiveRecord::SchemaMigration Pluck (1.0ms)[0m  [1m[34mSELECT "schema_migrations"."version" FROM "schema_migrations" ORDER BY "schema_migrations"."version" ASC[0m
Processing by Rails::WelcomeController#index as HTML
  Rendering /home/me/.rbenv/versions/3.1.2/lib/ruby/gems/3.1.0/gems/railties-7.0.3/lib/rails/templates/rails/welcome/index.html.erb
  Rendered /home/me/.rbenv/versions/3.1.2/lib/ruby/gems/3.1.0/gems/railties-7.0.3/lib/rails/templates/rails/welcome/index.html.erb (Duration: 1.7ms | Allocations: 537)
Completed 200 OK in 9ms (Views: 3.9ms | ActiveRecord: 0.0ms | Allocations: 3695)


Started GET "/blogs" for ::1 at 2022-06-28 23:52:44 +0300
Processing by BlogsController#index as HTML
  Rendering layout layouts/application.html.erb
  Rendering blogs/index.html.erb within layouts/application
  [1m[36mBlog Load (1.7ms)[0m  [1m[34mSELECT "blogs".* FROM "blogs"[0m
  ↳ app/views/blogs/index.html.erb:6
  Rendered blogs/index.html.erb within layouts/application (Duration: 10.1ms | Allocations: 1479)
  Rendered layout layouts/application.html.erb (Duration: 212.2ms | Allocations: 92964)
Completed 200 OK in 219ms (Views: 212.7ms | ActiveRecord: 1.7ms | Allocations: 94806)


Started GET "/blogs/new" for ::1 at 2022-06-28 23:52:46 +0300
Processing by BlogsController#new as HTML
  Rendering layout layouts/application.html.erb
  Rendering blogs/new.html.erb within layouts/application
  Rendered blogs/_form.html.erb (Duration: 28.2ms | Allocations: 4864)
  Rendered blogs/new.html.erb within layouts/application (Duration: 29.3ms | Allocations: 5244)
  Rendered layout layouts/application.html.erb (Duration: 43.7ms | Allocations: 7576)
Completed 200 OK in 65ms (Views: 44.2ms | ActiveRecord: 9.0ms | Allocations: 11510)


Started POST "/blogs" for ::1 at 2022-06-28 23:53:20 +0300
Processing by BlogsController#create as TURBO_STREAM
  Parameters: {"authenticity_token"=>"[FILTERED]", "blog"=>{"title"=>"The Amazing Blog", "body"=>"Just some text in this paragraph"}, "commit"=>"Create Blog"}
  [1m[36mTRANSACTION (0.2ms)[0m  [1m[35mBEGIN[0m
  ↳ app/controllers/blogs_controller.rb:27:in `block in create'
  [1m[36mBlog Create (1.8ms)[0m  [1m[32mINSERT INTO "blogs" ("title", "body", "created_at", "updated_at") VALUES ($1, $2, $3, $4) RETURNING "id"[0m  [["title", "The Amazing Blog"], ["body", "Just some text in this paragraph"], ["created_at", "2022-06-28 20:53:20.647553"], ["updated_at", "2022-06-28 20:53:20.647553"]]
  ↳ app/controllers/blogs_controller.rb:27:in `block in create'
  [1m[36mTRANSACTION (6.6ms)[0m  [1m[35mCOMMIT[0m
  ↳ app/controllers/blogs_controller.rb:27:in `block in create'
Redirected to http://localhost:3000/blogs/1
Completed 302 Found in 14ms (ActiveRecord: 8.5ms | Allocations: 3879)


Started GET "/blogs/1" for ::1 at 2022-06-28 23:53:20 +0300
Processing by BlogsController#show as TURBO_STREAM
  Parameters: {"id"=>"1"}
  [1m[36mBlog Load (0.3ms)[0m  [1m[34mSELECT "blogs".* FROM "blogs" WHERE "blogs"."id" = $1 LIMIT $2[0m  [["id", 1], ["LIMIT", 1]]
  ↳ app/controllers/blogs_controller.rb:63:in `set_blog'
  Rendering layout layouts/application.html.erb
  Rendering blogs/show.html.erb within layouts/application
  Rendered blogs/_blog.html.erb (Duration: 0.7ms | Allocations: 239)
  Rendered blogs/show.html.erb within layouts/application (Duration: 3.8ms | Allocations: 1640)
  Rendered layout layouts/application.html.erb (Duration: 6.5ms | Allocations: 3968)
Completed 200 OK in 11ms (Views: 7.0ms | ActiveRecord: 0.5ms | Allocations: 6826)


Started GET "/blogs/1/edit" for ::1 at 2022-06-28 23:53:24 +0300
Processing by BlogsController#edit as HTML
  Parameters: {"id"=>"1"}
  [1m[36mBlog Load (0.8ms)[0m  [1m[34mSELECT "blogs".* FROM "blogs" WHERE "blogs"."id" = $1 LIMIT $2[0m  [["id", 1], ["LIMIT", 1]]
  ↳ app/controllers/blogs_controller.rb:63:in `set_blog'
  Rendering layout layouts/application.html.erb
  Rendering blogs/edit.html.erb within layouts/application
  Rendered blogs/_form.html.erb (Duration: 6.3ms | Allocations: 1198)
  Rendered blogs/edit.html.erb within layouts/application (Duration: 8.9ms | Allocations: 1509)
  Rendered layout layouts/application.html.erb (Duration: 17.8ms | Allocations: 3718)
Completed 200 OK in 26ms (Views: 19.1ms | ActiveRecord: 0.8ms | Allocations: 4674)


Started PATCH "/blogs/1" for ::1 at 2022-06-28 23:53:30 +0300
Processing by BlogsController#update as TURBO_STREAM
  Parameters: {"authenticity_token"=>"[FILTERED]", "blog"=>{"title"=>"The Amazing Blog", "body"=>"Just some text in this paragraph"}, "commit"=>"Update Blog", "id"=>"1"}
  [1m[36mBlog Load (0.6ms)[0m  [1m[34mSELECT "blogs".* FROM "blogs" WHERE "blogs"."id" = $1 LIMIT $2[0m  [["id", 1], ["LIMIT", 1]]
  ↳ app/controllers/blogs_controller.rb:63:in `set_blog'
Redirected to http://localhost:3000/blogs/1
Completed 302 Found in 8ms (ActiveRecord: 0.6ms | Allocations: 1250)


Started GET "/blogs/1" for ::1 at 2022-06-28 23:53:30 +0300
Processing by BlogsController#show as TURBO_STREAM
  Parameters: {"id"=>"1"}
  [1m[36mBlog Load (0.3ms)[0m  [1m[34mSELECT "blogs".* FROM "blogs" WHERE "blogs"."id" = $1 LIMIT $2[0m  [["id", 1], ["LIMIT", 1]]
  ↳ app/controllers/blogs_controller.rb:63:in `set_blog'
  Rendering layout layouts/application.html.erb
  Rendering blogs/show.html.erb within layouts/application
  Rendered blogs/_blog.html.erb (Duration: 0.1ms | Allocations: 27)
  Rendered blogs/show.html.erb within layouts/application (Duration: 1.3ms | Allocations: 611)
  Rendered layout layouts/application.html.erb (Duration: 4.4ms | Allocations: 2818)
Completed 200 OK in 7ms (Views: 4.9ms | ActiveRecord: 0.3ms | Allocations: 3607)


Started GET "/blogs/1/edit" for ::1 at 2022-06-28 23:53:32 +0300
Processing by BlogsController#edit as HTML
  Parameters: {"id"=>"1"}
  [1m[36mBlog Load (1.0ms)[0m  [1m[34mSELECT "blogs".* FROM "blogs" WHERE "blogs"."id" = $1 LIMIT $2[0m  [["id", 1], ["LIMIT", 1]]
  ↳ app/controllers/blogs_controller.rb:63:in `set_blog'
  Rendering layout layouts/application.html.erb
  Rendering blogs/edit.html.erb within layouts/application
  Rendered blogs/_form.html.erb (Duration: 3.6ms | Allocations: 1052)
  Rendered blogs/edit.html.erb within layouts/application (Duration: 4.4ms | Allocations: 1196)
  Rendered layout layouts/application.html.erb (Duration: 9.2ms | Allocations: 3405)
Completed 200 OK in 17ms (Views: 10.9ms | ActiveRecord: 1.0ms | Allocations: 4190)


Started PATCH "/blogs/1" for ::1 at 2022-06-28 23:53:35 +0300
Processing by BlogsController#update as TURBO_STREAM
  Parameters: {"authenticity_token"=>"[FILTERED]", "blog"=>{"title"=>"The Amazing Blog", "body"=>"Just some text in this paragraph."}, "commit"=>"Update Blog", "id"=>"1"}
  [1m[36mBlog Load (0.8ms)[0m  [1m[34mSELECT "blogs".* FROM "blogs" WHERE "blogs"."id" = $1 LIMIT $2[0m  [["id", 1], ["LIMIT", 1]]
  ↳ app/controllers/blogs_controller.rb:63:in `set_blog'
  [1m[36mTRANSACTION (0.4ms)[0m  [1m[35mBEGIN[0m
  ↳ app/controllers/blogs_controller.rb:40:in `block in update'
  [1m[36mBlog Update (0.9ms)[0m  [1m[33mUPDATE "blogs" SET "body" = $1, "updated_at" = $2 WHERE "blogs"."id" = $3[0m  [["body", "Just some text in this paragraph."], ["updated_at", "2022-06-28 20:53:35.479504"], ["id", 1]]
  ↳ app/controllers/blogs_controller.rb:40:in `block in update'
  [1m[36mTRANSACTION (7.1ms)[0m  [1m[35mCOMMIT[0m
  ↳ app/controllers/blogs_controller.rb:40:in `block in update'
Redirected to http://localhost:3000/blogs/1
Completed 302 Found in 25ms (ActiveRecord: 9.2ms | Allocations: 2950)


Started GET "/blogs/1" for ::1 at 2022-06-28 23:53:35 +0300
Processing by BlogsController#show as TURBO_STREAM
  Parameters: {"id"=>"1"}
  [1m[36mBlog Load (0.3ms)[0m  [1m[34mSELECT "blogs".* FROM "blogs" WHERE "blogs"."id" = $1 LIMIT $2[0m  [["id", 1], ["LIMIT", 1]]
  ↳ app/controllers/blogs_controller.rb:63:in `set_blog'
  Rendering layout layouts/application.html.erb
  Rendering blogs/show.html.erb within layouts/application
  Rendered blogs/_blog.html.erb (Duration: 0.1ms | Allocations: 27)
  Rendered blogs/show.html.erb within layouts/application (Duration: 1.4ms | Allocations: 619)
  Rendered layout layouts/application.html.erb (Duration: 4.8ms | Allocations: 2832)
Completed 200 OK in 8ms (Views: 5.4ms | ActiveRecord: 0.3ms | Allocations: 3620)


Started DELETE "/blogs/1" for ::1 at 2022-06-28 23:53:37 +0300
Processing by BlogsController#destroy as TURBO_STREAM
  Parameters: {"authenticity_token"=>"[FILTERED]", "id"=>"1"}
  [1m[36mBlog Load (0.2ms)[0m  [1m[34mSELECT "blogs".* FROM "blogs" WHERE "blogs"."id" = $1 LIMIT $2[0m  [["id", 1], ["LIMIT", 1]]
  ↳ app/controllers/blogs_controller.rb:63:in `set_blog'
  [1m[36mTRANSACTION (0.1ms)[0m  [1m[35mBEGIN[0m
  ↳ app/controllers/blogs_controller.rb:52:in `destroy'
  [1m[36mBlog Destroy (0.2ms)[0m  [1m[31mDELETE FROM "blogs" WHERE "blogs"."id" = $1[0m  [["id", 1]]
  ↳ app/controllers/blogs_controller.rb:52:in `destroy'
  [1m[36mTRANSACTION (9.1ms)[0m  [1m[35mCOMMIT[0m
  ↳ app/controllers/blogs_controller.rb:52:in `destroy'
Redirected to http://localhost:3000/blogs
Completed 302 Found in 13ms (ActiveRecord: 9.7ms | Allocations: 2492)


Started GET "/blogs" for ::1 at 2022-06-28 23:53:37 +0300
Processing by BlogsController#index as TURBO_STREAM
  Rendering layout layouts/application.html.erb
  Rendering blogs/index.html.erb within layouts/application
  [1m[36mBlog Load (0.3ms)[0m  [1m[34mSELECT "blogs".* FROM "blogs"[0m
  ↳ app/views/blogs/index.html.erb:6
  Rendered blogs/index.html.erb within layouts/application (Duration: 1.5ms | Allocations: 831)
  Rendered layout layouts/application.html.erb (Duration: 4.2ms | Allocations: 3046)
Completed 200 OK in 5ms (Views: 4.2ms | ActiveRecord: 0.3ms | Allocations: 3332)


Started GET "/blogs" for ::1 at 2022-06-28 23:53:42 +0300
Processing by BlogsController#index as HTML
  Rendering layout layouts/application.html.erb
  Rendering blogs/index.html.erb within layouts/application
  [1m[36mBlog Load (0.2ms)[0m  [1m[34mSELECT "blogs".* FROM "blogs"[0m
  ↳ app/views/blogs/index.html.erb:6
  Rendered blogs/index.html.erb within layouts/application (Duration: 1.6ms | Allocations: 786)
  Rendered layout layouts/application.html.erb (Duration: 4.0ms | Allocations: 3001)
Completed 200 OK in 5ms (Views: 4.2ms | ActiveRecord: 0.2ms | Allocations: 3279)


Started GET "/blogs/new" for ::1 at 2022-06-28 23:53:44 +0300
Processing by BlogsController#new as HTML
  Rendering layout layouts/application.html.erb
  Rendering blogs/new.html.erb within layouts/application
  Rendered blogs/_form.html.erb (Duration: 4.7ms | Allocations: 991)
  Rendered blogs/new.html.erb within layouts/application (Duration: 5.6ms | Allocations: 1099)
  Rendered layout layouts/application.html.erb (Duration: 11.7ms | Allocations: 3320)
Completed 200 OK in 15ms (Views: 13.5ms | ActiveRecord: 0.0ms | Allocations: 3607)


Started GET "/blogs" for ::1 at 2022-06-28 23:53:47 +0300
Processing by BlogsController#index as HTML
  Rendering layout layouts/application.html.erb
  Rendering blogs/index.html.erb within layouts/application
  [1m[36mBlog Load (0.5ms)[0m  [1m[34mSELECT "blogs".* FROM "blogs"[0m
  ↳ app/views/blogs/index.html.erb:6
  Rendered blogs/index.html.erb within layouts/application (Duration: 3.7ms | Allocations: 783)
  Rendered layout layouts/application.html.erb (Duration: 8.7ms | Allocations: 2998)
Completed 200 OK in 11ms (Views: 9.2ms | ActiveRecord: 0.5ms | Allocations: 3279)


Started GET "/blogs/new" for ::1 at 2022-06-28 23:53:48 +0300
Processing by BlogsController#new as HTML
  Rendering layout layouts/application.html.erb
  Rendering blogs/new.html.erb within layouts/application
  Rendered blogs/_form.html.erb (Duration: 3.5ms | Allocations: 997)
  Rendered blogs/new.html.erb within layouts/application (Duration: 4.1ms | Allocations: 1105)
  Rendered layout layouts/application.html.erb (Duration: 8.8ms | Allocations: 3320)
Completed 200 OK in 12ms (Views: 10.3ms | ActiveRecord: 0.0ms | Allocations: 3603)


Started POST "/blogs" for ::1 at 2022-06-28 23:53:53 +0300
Processing by BlogsController#create as TURBO_STREAM
  Parameters: {"authenticity_token"=>"[FILTERED]", "blog"=>{"title"=>"asda", "body"=>"sadasda\n"}, "commit"=>"Create Blog"}
  [1m[36mTRANSACTION (0.4ms)[0m  [1m[35mBEGIN[0m
  ↳ app/controllers/blogs_controller.rb:27:in `block in create'
  [1m[36mBlog Create (0.8ms)[0m  [1m[32mINSERT INTO "blogs" ("title", "body", "created_at", "updated_at") VALUES ($1, $2, $3, $4) RETURNING "id"[0m  [["title", "asda"], ["body", "sadasda\n"], ["created_at", "2022-06-28 20:53:53.680108"], ["updated_at", "2022-06-28 20:53:53.680108"]]
  ↳ app/controllers/blogs_controller.rb:27:in `block in create'
  [1m[36mTRANSACTION (13.7ms)[0m  [1m[35mCOMMIT[0m
  ↳ app/controllers/blogs_controller.rb:27:in `block in create'
Redirected to http://localhost:3000/blogs/2
Completed 302 Found in 28ms (ActiveRecord: 14.9ms | Allocations: 2314)


Started GET "/blogs/2" for ::1 at 2022-06-28 23:53:53 +0300
Processing by BlogsController#show as TURBO_STREAM
  Parameters: {"id"=>"2"}
  [1m[36mBlog Load (0.6ms)[0m  [1m[34mSELECT "blogs".* FROM "blogs" WHERE "blogs"."id" = $1 LIMIT $2[0m  [["id", 2], ["LIMIT", 1]]
  ↳ app/controllers/blogs_controller.rb:63:in `set_blog'
  Rendering layout layouts/application.html.erb
  Rendering blogs/show.html.erb within layouts/application
  Rendered blogs/_blog.html.erb (Duration: 0.3ms | Allocations: 26)
  Rendered blogs/show.html.erb within layouts/application (Duration: 3.1ms | Allocations: 591)
  Rendered layout layouts/application.html.erb (Duration: 12.0ms | Allocations: 2798)
Completed 200 OK in 18ms (Views: 13.2ms | ActiveRecord: 0.6ms | Allocations: 3585)


Started GET "/blogs" for ::1 at 2022-06-28 23:53:59 +0300
Processing by BlogsController#index as HTML
  Rendering layout layouts/application.html.erb
  Rendering blogs/index.html.erb within layouts/application
  [1m[36mBlog Load (0.3ms)[0m  [1m[34mSELECT "blogs".* FROM "blogs"[0m
  ↳ app/views/blogs/index.html.erb:6
  Rendered blogs/_blog.html.erb (Duration: 0.1ms | Allocations: 26)
  Rendered blogs/index.html.erb within layouts/application (Duration: 2.9ms | Allocations: 947)
  Rendered layout layouts/application.html.erb (Duration: 7.5ms | Allocations: 3162)
Completed 200 OK in 9ms (Views: 7.9ms | ActiveRecord: 0.3ms | Allocations: 3440)


Started GET "/blogs/new" for ::1 at 2022-06-28 23:54:05 +0300
Processing by BlogsController#new as HTML
  Rendering layout layouts/application.html.erb
  Rendering blogs/new.html.erb within layouts/application
  Rendered blogs/_form.html.erb (Duration: 2.3ms | Allocations: 1012)
  Rendered blogs/new.html.erb within layouts/application (Duration: 2.8ms | Allocations: 1120)
  Rendered layout layouts/application.html.erb (Duration: 6.7ms | Allocations: 3335)
Completed 200 OK in 8ms (Views: 7.4ms | ActiveRecord: 0.0ms | Allocations: 3618)


Started POST "/blogs" for ::1 at 2022-06-28 23:54:12 +0300
Processing by BlogsController#create as TURBO_STREAM
  Parameters: {"authenticity_token"=>"[FILTERED]", "blog"=>{"title"=>"csaca", "body"=>"assasxsaxsac"}, "commit"=>"Create Blog"}
  [1m[36mTRANSACTION (0.4ms)[0m  [1m[35mBEGIN[0m
  ↳ app/controllers/blogs_controller.rb:27:in `block in create'
  [1m[36mBlog Create (1.0ms)[0m  [1m[32mINSERT INTO "blogs" ("title", "body", "created_at", "updated_at") VALUES ($1, $2, $3, $4) RETURNING "id"[0m  [["title", "csaca"], ["body", "assasxsaxsac"], ["created_at", "2022-06-28 20:54:12.484810"], ["updated_at", "2022-06-28 20:54:12.484810"]]
  ↳ app/controllers/blogs_controller.rb:27:in `block in create'
  [1m[36mTRANSACTION (72.6ms)[0m  [1m[35mCOMMIT[0m
  ↳ app/controllers/blogs_controller.rb:27:in `block in create'
Redirected to http://localhost:3000/blogs/3
Completed 302 Found in 87ms (ActiveRecord: 74.1ms | Allocations: 2293)


Started GET "/blogs/3" for ::1 at 2022-06-28 23:54:12 +0300
Processing by BlogsController#show as TURBO_STREAM
  Parameters: {"id"=>"3"}
  [1m[36mBlog Load (0.6ms)[0m  [1m[34mSELECT "blogs".* FROM "blogs" WHERE "blogs"."id" = $1 LIMIT $2[0m  [["id", 3], ["LIMIT", 1]]
  ↳ app/controllers/blogs_controller.rb:63:in `set_blog'
  Rendering layout layouts/application.html.erb
  Rendering blogs/show.html.erb within layouts/application
  Rendered blogs/_blog.html.erb (Duration: 0.2ms | Allocations: 26)
  Rendered blogs/show.html.erb within layouts/application (Duration: 3.0ms | Allocations: 600)
  Rendered layout layouts/application.html.erb (Duration: 11.2ms | Allocations: 2807)
Completed 200 OK in 17ms (Views: 12.3ms | ActiveRecord: 0.6ms | Allocations: 3594)


Started GET "/blogs" for ::1 at 2022-06-28 23:54:16 +0300
Processing by BlogsController#index as HTML
  Rendering layout layouts/application.html.erb
  Rendering blogs/index.html.erb within layouts/application
  [1m[36mBlog Load (0.7ms)[0m  [1m[34mSELECT "blogs".* FROM "blogs"[0m
  ↳ app/views/blogs/index.html.erb:6
  Rendered blogs/_blog.html.erb (Duration: 0.3ms | Allocations: 26)
  Rendered blogs/_blog.html.erb (Duration: 0.2ms | Allocations: 25)
  Rendered blogs/index.html.erb within layouts/application (Duration: 6.8ms | Allocations: 1088)
  Rendered layout layouts/application.html.erb (Duration: 14.9ms | Allocations: 3303)
Completed 200 OK in 17ms (Views: 15.5ms | ActiveRecord: 0.7ms | Allocations: 3584)


Started GET "/blogs" for ::1 at 2022-06-29 00:06:16 +0300
Processing by BlogsController#index as HTML
  Rendering layout layouts/application.html.erb
  Rendering blogs/index.html.erb within layouts/application
  [1m[36mBlog Load (0.3ms)[0m  [1m[34mSELECT "blogs".* FROM "blogs" LIMIT $1[0m  [["LIMIT", 1]]
  ↳ app/views/blogs/index.html.erb:6
  Rendered blogs/_blog.html.erb (Duration: 0.1ms | Allocations: 49)
  Rendered blogs/index.html.erb within layouts/application (Duration: 16.1ms | Allocations: 5506)
  Rendered layout layouts/application.html.erb (Duration: 29.6ms | Allocations: 19392)
Completed 200 OK in 32ms (Views: 30.5ms | ActiveRecord: 5.5ms | Allocations: 20769)


Started GET "/blogs" for ::1 at 2022-06-29 00:06:23 +0300
Processing by BlogsController#index as HTML
  Rendering layout layouts/application.html.erb
  Rendering blogs/index.html.erb within layouts/application
  [1m[36mBlog Load (0.2ms)[0m  [1m[34mSELECT "blogs".* FROM "blogs"[0m
  ↳ app/views/blogs/index.html.erb:6
  Rendered blogs/_blog.html.erb (Duration: 0.1ms | Allocations: 49)
  Rendered blogs/_blog.html.erb (Duration: 0.0ms | Allocations: 25)
  Rendered blogs/index.html.erb within layouts/application (Duration: 7.8ms | Allocations: 2872)
  Rendered layout layouts/application.html.erb (Duration: 18.4ms | Allocations: 16664)
Completed 200 OK in 21ms (Views: 15.3ms | ActiveRecord: 3.9ms | Allocations: 18030)


Started GET "/blogs/2" for ::1 at 2022-06-29 00:07:14 +0300
Processing by BlogsController#show as HTML
  Parameters: {"id"=>"2"}
  [1m[36mBlog Load (0.9ms)[0m  [1m[34mSELECT "blogs".* FROM "blogs" WHERE "blogs"."id" = $1 LIMIT $2[0m  [["id", 2], ["LIMIT", 1]]
  ↳ app/controllers/blogs_controller.rb:63:in `set_blog'
  Rendering layout layouts/application.html.erb
  Rendering blogs/show.html.erb within layouts/application
  Rendered blogs/_blog.html.erb (Duration: 0.2ms | Allocations: 26)
  Rendered blogs/show.html.erb within layouts/application (Duration: 2.9ms | Allocations: 615)
  Rendered layout layouts/application.html.erb (Duration: 9.2ms | Allocations: 2822)
Completed 200 OK in 18ms (Views: 10.3ms | ActiveRecord: 0.9ms | Allocations: 4266)


Started DELETE "/blogs/2" for ::1 at 2022-06-29 05:38:07 +0300
Processing by BlogsController#destroy as TURBO_STREAM
  Parameters: {"authenticity_token"=>"[FILTERED]", "id"=>"2"}
  [1m[36mBlog Load (1.0ms)[0m  [1m[34mSELECT "blogs".* FROM "blogs" WHERE "blogs"."id" = $1 LIMIT $2[0m  [["id", 2], ["LIMIT", 1]]
  ↳ app/controllers/blogs_controller.rb:63:in `set_blog'
  [1m[36mTRANSACTION (0.4ms)[0m  [1m[35mBEGIN[0m
  ↳ app/controllers/blogs_controller.rb:52:in `destroy'
  [1m[36mBlog Destroy (0.8ms)[0m  [1m[31mDELETE FROM "blogs" WHERE "blogs"."id" = $1[0m  [["id", 2]]
  ↳ app/controllers/blogs_controller.rb:52:in `destroy'
  [1m[36mTRANSACTION (7.6ms)[0m  [1m[35mCOMMIT[0m
  ↳ app/controllers/blogs_controller.rb:52:in `destroy'
Redirected to http://localhost:3000/blogs
Completed 302 Found in 55ms (ActiveRecord: 26.1ms | Allocations: 5466)


Started GET "/blogs" for ::1 at 2022-06-29 05:38:07 +0300
Processing by BlogsController#index as TURBO_STREAM
  Rendering layout layouts/application.html.erb
  Rendering blogs/index.html.erb within layouts/application
  [1m[36mBlog Load (0.5ms)[0m  [1m[34mSELECT "blogs".* FROM "blogs"[0m
  ↳ app/views/blogs/index.html.erb:6
  Rendered blogs/_blog.html.erb (Duration: 0.2ms | Allocations: 26)
  Rendered blogs/index.html.erb within layouts/application (Duration: 4.0ms | Allocations: 974)
  Rendered layout layouts/application.html.erb (Duration: 7.7ms | Allocations: 3189)
Completed 200 OK in 9ms (Views: 8.0ms | ActiveRecord: 0.5ms | Allocations: 3474)


Started GET "/blogs/2" for ::1 at 2022-06-29 07:29:13 +0300
  [1m[36mActiveRecord::SchemaMigration Pluck (2.8ms)[0m  [1m[34mSELECT "schema_migrations"."version" FROM "schema_migrations" ORDER BY "schema_migrations"."version" ASC[0m
Processing by BlogsController#show as HTML
  Parameters: {"id"=>"2"}
  [1m[36mBlog Load (1.0ms)[0m  [1m[34mSELECT "blogs".* FROM "blogs" WHERE "blogs"."id" = $1 LIMIT $2[0m  [["id", 2], ["LIMIT", 1]]
  ↳ app/controllers/blogs_controller.rb:63:in `set_blog'
Completed 404 Not Found in 15ms (ActiveRecord: 6.2ms | Allocations: 5559)


  
ActiveRecord::RecordNotFound (Couldn't find Blog with 'id'=2):
  
app/controllers/blogs_controller.rb:63:in `set_blog'
Started GET "/blogs/" for ::1 at 2022-06-29 07:29:18 +0300
Processing by BlogsController#index as HTML
  Rendering layout layouts/application.html.erb
  Rendering blogs/index.html.erb within layouts/application
  [1m[36mBlog Load (0.4ms)[0m  [1m[34mSELECT "blogs".* FROM "blogs"[0m
  ↳ app/views/blogs/index.html.erb:6
  Rendered blogs/_blog.html.erb (Duration: 1.4ms | Allocations: 258)
  Rendered blogs/index.html.erb within layouts/application (Duration: 15.5ms | Allocations: 5004)
  Rendered layout layouts/application.html.erb (Duration: 77.1ms | Allocations: 39655)
Completed 200 OK in 81ms (Views: 78.8ms | ActiveRecord: 0.4ms | Allocations: 40701)


Started GET "/blogs/3" for ::1 at 2022-06-29 07:29:27 +0300
Processing by BlogsController#show as HTML
  Parameters: {"id"=>"3"}
  [1m[36mBlog Load (0.4ms)[0m  [1m[34mSELECT "blogs".* FROM "blogs" WHERE "blogs"."id" = $1 LIMIT $2[0m  [["id", 3], ["LIMIT", 1]]
  ↳ app/controllers/blogs_controller.rb:63:in `set_blog'
  Rendering layout layouts/application.html.erb
  Rendering blogs/show.html.erb within layouts/application
  Rendered blogs/_blog.html.erb (Duration: 0.1ms | Allocations: 26)
  Rendered blogs/show.html.erb within layouts/application (Duration: 2.4ms | Allocations: 871)
  Rendered layout layouts/application.html.erb (Duration: 6.7ms | Allocations: 3080)
Completed 200 OK in 10ms (Views: 7.3ms | ActiveRecord: 0.4ms | Allocations: 4063)


Started GET "/blogs/3/edit" for ::1 at 2022-06-29 07:29:32 +0300
Processing by BlogsController#edit as HTML
  Parameters: {"id"=>"3"}
  [1m[36mBlog Load (0.7ms)[0m  [1m[34mSELECT "blogs".* FROM "blogs" WHERE "blogs"."id" = $1 LIMIT $2[0m  [["id", 3], ["LIMIT", 1]]
  ↳ app/controllers/blogs_controller.rb:63:in `set_blog'
  Rendering layout layouts/application.html.erb
  Rendering blogs/edit.html.erb within layouts/application
  Rendered blogs/_form.html.erb (Duration: 48.8ms | Allocations: 11865)
  Rendered blogs/edit.html.erb within layouts/application (Duration: 50.7ms | Allocations: 12254)
  Rendered layout layouts/application.html.erb (Duration: 58.7ms | Allocations: 14571)
Completed 200 OK in 64ms (Views: 59.5ms | ActiveRecord: 0.7ms | Allocations: 15436)


Started GET "/" for ::1 at 2022-06-29 20:36:42 +0300
  [1m[36mActiveRecord::SchemaMigration Pluck (2.5ms)[0m  [1m[34mSELECT "schema_migrations"."version" FROM "schema_migrations" ORDER BY "schema_migrations"."version" ASC[0m
Processing by Rails::WelcomeController#index as HTML
  Rendering /home/me/.rbenv/versions/3.1.2/lib/ruby/gems/3.1.0/gems/railties-7.0.3/lib/rails/templates/rails/welcome/index.html.erb
  Rendered /home/me/.rbenv/versions/3.1.2/lib/ruby/gems/3.1.0/gems/railties-7.0.3/lib/rails/templates/rails/welcome/index.html.erb (Duration: 2.9ms | Allocations: 537)
Completed 200 OK in 44ms (Views: 8.3ms | ActiveRecord: 0.0ms | Allocations: 3695)


Started GET "/blogs" for ::1 at 2022-06-29 20:38:44 +0300
Processing by BlogsController#index as HTML
  Rendering layout layouts/application.html.erb
  Rendering blogs/index.html.erb within layouts/application
  [1m[36mBlog Load (1.8ms)[0m  [1m[34mSELECT "blogs".* FROM "blogs"[0m
  ↳ app/views/blogs/index.html.erb:6
  Rendered blogs/_blog.html.erb (Duration: 1.3ms | Allocations: 263)
  Rendered blogs/index.html.erb within layouts/application (Duration: 34.4ms | Allocations: 5757)
  Rendered layout layouts/application.html.erb (Duration: 88.1ms | Allocations: 40617)
Completed 200 OK in 93ms (Views: 82.3ms | ActiveRecord: 7.5ms | Allocations: 42427)


Started GET "/blogs/new" for ::1 at 2022-06-29 20:38:51 +0300
Processing by BlogsController#new as HTML
  Rendering layout layouts/application.html.erb
  Rendering blogs/new.html.erb within layouts/application
  Rendered blogs/_form.html.erb (Duration: 9.9ms | Allocations: 3214)
  Rendered blogs/new.html.erb within layouts/application (Duration: 11.3ms | Allocations: 3555)
  Rendered layout layouts/application.html.erb (Duration: 14.6ms | Allocations: 5885)
Completed 200 OK in 16ms (Views: 15.2ms | ActiveRecord: 0.0ms | Allocations: 6332)


Started POST "/blogs" for ::1 at 2022-06-29 20:38:57 +0300
Processing by BlogsController#create as TURBO_STREAM
  Parameters: {"authenticity_token"=>"[FILTERED]", "blog"=>{"title"=>"vbb", "body"=>"vc"}, "commit"=>"Create Blog"}
  [1m[36mTRANSACTION (0.4ms)[0m  [1m[35mBEGIN[0m
  ↳ app/controllers/blogs_controller.rb:27:in `block in create'
  [1m[36mBlog Create (2.9ms)[0m  [1m[32mINSERT INTO "blogs" ("title", "body", "created_at", "updated_at") VALUES ($1, $2, $3, $4) RETURNING "id"[0m  [["title", "vbb"], ["body", "vc"], ["created_at", "2022-06-29 17:38:57.981349"], ["updated_at", "2022-06-29 17:38:57.981349"]]
  ↳ app/controllers/blogs_controller.rb:27:in `block in create'
  [1m[36mTRANSACTION (6.0ms)[0m  [1m[35mCOMMIT[0m
  ↳ app/controllers/blogs_controller.rb:27:in `block in create'
Redirected to http://localhost:3000/blogs/4
Completed 302 Found in 25ms (ActiveRecord: 9.4ms | Allocations: 3864)


Started GET "/blogs/4" for ::1 at 2022-06-29 20:38:58 +0300
Processing by BlogsController#show as TURBO_STREAM
  Parameters: {"id"=>"4"}
  [1m[36mBlog Load (0.4ms)[0m  [1m[34mSELECT "blogs".* FROM "blogs" WHERE "blogs"."id" = $1 LIMIT $2[0m  [["id", 4], ["LIMIT", 1]]
  ↳ app/controllers/blogs_controller.rb:63:in `set_blog'
  Rendering layout layouts/application.html.erb
  Rendering blogs/show.html.erb within layouts/application
  Rendered blogs/_blog.html.erb (Duration: 0.1ms | Allocations: 31)
  Rendered blogs/show.html.erb within layouts/application (Duration: 2.4ms | Allocations: 1033)
  Rendered layout layouts/application.html.erb (Duration: 5.6ms | Allocations: 3346)
Completed 200 OK in 13ms (Views: 6.3ms | ActiveRecord: 0.7ms | Allocations: 6157)


Started DELETE "/blogs/4" for ::1 at 2022-06-29 20:39:02 +0300
Processing by BlogsController#destroy as TURBO_STREAM
  Parameters: {"authenticity_token"=>"[FILTERED]", "id"=>"4"}
  [1m[36mBlog Load (0.8ms)[0m  [1m[34mSELECT "blogs".* FROM "blogs" WHERE "blogs"."id" = $1 LIMIT $2[0m  [["id", 4], ["LIMIT", 1]]
  ↳ app/controllers/blogs_controller.rb:63:in `set_blog'
  [1m[36mTRANSACTION (0.4ms)[0m  [1m[35mBEGIN[0m
  ↳ app/controllers/blogs_controller.rb:52:in `destroy'
  [1m[36mBlog Destroy (0.7ms)[0m  [1m[31mDELETE FROM "blogs" WHERE "blogs"."id" = $1[0m  [["id", 4]]
  ↳ app/controllers/blogs_controller.rb:52:in `destroy'
  [1m[36mTRANSACTION (6.5ms)[0m  [1m[35mCOMMIT[0m
  ↳ app/controllers/blogs_controller.rb:52:in `destroy'
Redirected to http://localhost:3000/blogs
Completed 302 Found in 23ms (ActiveRecord: 8.3ms | Allocations: 2577)


Started GET "/blogs" for ::1 at 2022-06-29 20:39:02 +0300
Processing by BlogsController#index as TURBO_STREAM
  Rendering layout layouts/application.html.erb
  Rendering blogs/index.html.erb within layouts/application
  [1m[36mBlog Load (0.3ms)[0m  [1m[34mSELECT "blogs".* FROM "blogs"[0m
  ↳ app/views/blogs/index.html.erb:6
  Rendered blogs/_blog.html.erb (Duration: 0.1ms | Allocations: 26)
  Rendered blogs/index.html.erb within layouts/application (Duration: 2.5ms | Allocations: 974)
  Rendered layout layouts/application.html.erb (Duration: 5.6ms | Allocations: 3190)
Completed 200 OK in 7ms (Views: 5.9ms | ActiveRecord: 0.3ms | Allocations: 3476)


Started GET "/blogs/new" for ::1 at 2022-06-29 20:40:44 +0300
Processing by BlogsController#new as HTML
  Rendering layout layouts/application.html.erb
  Rendering blogs/new.html.erb within layouts/application
  Rendered blogs/_form.html.erb (Duration: 5.1ms | Allocations: 1555)
  Rendered blogs/new.html.erb within layouts/application (Duration: 7.3ms | Allocations: 1909)
  Rendered layout layouts/application.html.erb (Duration: 12.5ms | Allocations: 4501)
Completed 200 OK in 18ms (Views: 16.4ms | ActiveRecord: 0.0ms | Allocations: 5358)


Started GET "/blogs" for ::1 at 2022-06-30 23:24:10 +0300
  [1m[36mActiveRecord::SchemaMigration Pluck (1.2ms)[0m  [1m[34mSELECT "schema_migrations"."version" FROM "schema_migrations" ORDER BY "schema_migrations"."version" ASC[0m
Processing by BlogsController#index as HTML
  Rendering layout layouts/application.html.erb
  Rendering blogs/index.html.erb within layouts/application
  [1m[36mBlog Load (1.2ms)[0m  [1m[34mSELECT "blogs".* FROM "blogs"[0m
  ↳ app/views/blogs/index.html.erb:6
  Rendered blogs/_blog.html.erb (Duration: 0.6ms | Allocations: 272)
  Rendered blogs/index.html.erb within layouts/application (Duration: 18.7ms | Allocations: 5971)
  Rendered layout layouts/application.html.erb (Duration: 65.8ms | Allocations: 40910)
Completed 200 OK in 86ms (Views: 64.2ms | ActiveRecord: 4.9ms | Allocations: 44980)


